<?xml version="1.0" encoding="UTF-8"?>
<!-- Generated by org.testng.reporters.JUnitReportReporter -->
<testsuite hostname="QB-023" failures="0" tests="1" name="RunAnarFinanciacio" time="9.126" errors="0" timestamp="2024-01-20T17:41:48 CET" skipped="0">
  <testcase classname="RunAnarFinanciacio" name="runScenario" time="9.126"/>
</testsuite> <!-- RunAnarFinanciacio -->
