<?xml version="1.0" encoding="UTF-8"?>
<!-- Generated by org.testng.reporters.JUnitReportReporter -->
<testsuite hostname="QB-023" failures="0" tests="1" name="RunNewsletterTest" time="5.479" errors="1" timestamp="2024-01-20T17:08:24 CET" skipped="0">
  <testcase classname="RunNewsletterTest" name="runScenario" time="5.479">
    <error message="element click intercepted: Element &lt;a class=&quot;sc-bcedd81-1 kKVzfb sc-c0e01527-1 cEcGUk&quot; data-test=&quot;mms-router-link&quot; target=&quot;_self&quot; href=&quot;/es/myaccount/guest-newsletter&quot;&gt;...&lt;/a&gt; is not clickable at point (138, 20). Other element would receive the click: &lt;svg viewBox=&quot;0 0 282 38&quot; role=&quot;presentation&quot; class=&quot;sc-62a227d9-1 jrZFqG&quot;&gt;...&lt;/svg&gt;
  (Session info: chrome=120.0.6099.224)
Build info: version: &#039;4.16.1&#039;, revision: &#039;9b4c83354e&#039;
System info: os.name: &#039;Windows 10&#039;, os.arch: &#039;amd64&#039;, os.version: &#039;10.0&#039;, java.version: &#039;21.0.1&#039;
Driver info: org.openqa.selenium.chrome.ChromeDriver
Command: [3fea171597afd22ed53ab4554116632a, clickElement {id=672387EC05339642FB34E220108941DE_element_173}]
Capabilities {acceptInsecureCerts: false, browserName: chrome, browserVersion: 120.0.6099.224, chrome: {chromedriverVersion: 120.0.6099.109 (3419140ab66..., userDataDir: C:\Users\DAVIDF~1\AppData\L...}, fedcm:accounts: true, goog:chromeOptions: {debuggerAddress: localhost:52003}, networkConnectionEnabled: false, pageLoadStrategy: normal, platformName: windows, proxy: Proxy(), se:cdp: ws://localhost:52003/devtoo..., se:cdpVersion: 120.0.6099.224, setWindowRect: true, strictFileInteractability: false, timeouts: {implicit: 0, pageLoad: 300000, script: 30000}, unhandledPromptBehavior: dismiss and notify, webauthn:extension:credBlob: true, webauthn:extension:largeBlob: true, webauthn:extension:minPinLength: true, webauthn:extension:prf: true, webauthn:virtualAuthenticators: true}
Element: [[ChromeDriver: chrome on windows (3fea171597afd22ed53ab4554116632a)] -&gt; link text: Suscríbete]
Session ID: 3fea171597afd22ed53ab4554116632a" type="org.openqa.selenium.ElementClickInterceptedException">
      <![CDATA[org.openqa.selenium.ElementClickInterceptedException: element click intercepted: Element <a class="sc-bcedd81-1 kKVzfb sc-c0e01527-1 cEcGUk" data-test="mms-router-link" target="_self" href="/es/myaccount/guest-newsletter">...</a> is not clickable at point (138, 20). Other element would receive the click: <svg viewBox="0 0 282 38" role="presentation" class="sc-62a227d9-1 jrZFqG">...</svg>
  (Session info: chrome=120.0.6099.224)
Build info: version: '4.16.1', revision: '9b4c83354e'
System info: os.name: 'Windows 10', os.arch: 'amd64', os.version: '10.0', java.version: '21.0.1'
Driver info: org.openqa.selenium.chrome.ChromeDriver
Command: [3fea171597afd22ed53ab4554116632a, clickElement {id=672387EC05339642FB34E220108941DE_element_173}]
Capabilities {acceptInsecureCerts: false, browserName: chrome, browserVersion: 120.0.6099.224, chrome: {chromedriverVersion: 120.0.6099.109 (3419140ab66..., userDataDir: C:\Users\DAVIDF~1\AppData\L...}, fedcm:accounts: true, goog:chromeOptions: {debuggerAddress: localhost:52003}, networkConnectionEnabled: false, pageLoadStrategy: normal, platformName: windows, proxy: Proxy(), se:cdp: ws://localhost:52003/devtoo..., se:cdpVersion: 120.0.6099.224, setWindowRect: true, strictFileInteractability: false, timeouts: {implicit: 0, pageLoad: 300000, script: 30000}, unhandledPromptBehavior: dismiss and notify, webauthn:extension:credBlob: true, webauthn:extension:largeBlob: true, webauthn:extension:minPinLength: true, webauthn:extension:prf: true, webauthn:virtualAuthenticators: true}
Element: [[ChromeDriver: chrome on windows (3fea171597afd22ed53ab4554116632a)] -> link text: Suscríbete]
Session ID: 3fea171597afd22ed53ab4554116632a
at java.base/jdk.internal.reflect.DirectConstructorHandleAccessor.newInstance(DirectConstructorHandleAccessor.java:62)
at java.base/java.lang.reflect.Constructor.newInstanceWithCaller(Constructor.java:502)
at java.base/java.lang.reflect.Constructor.newInstance(Constructor.java:486)
at org.openqa.selenium.remote.codec.w3c.W3CHttpResponseCodec.createException(W3CHttpResponseCodec.java:200)
at org.openqa.selenium.remote.codec.w3c.W3CHttpResponseCodec.decode(W3CHttpResponseCodec.java:133)
at org.openqa.selenium.remote.codec.w3c.W3CHttpResponseCodec.decode(W3CHttpResponseCodec.java:52)
at org.openqa.selenium.remote.HttpCommandExecutor.execute(HttpCommandExecutor.java:191)
at org.openqa.selenium.remote.service.DriverCommandExecutor.invokeExecute(DriverCommandExecutor.java:200)
at org.openqa.selenium.remote.service.DriverCommandExecutor.execute(DriverCommandExecutor.java:175)
at org.openqa.selenium.remote.RemoteWebDriver.execute(RemoteWebDriver.java:523)
at org.openqa.selenium.remote.RemoteWebElement.execute(RemoteWebElement.java:224)
at org.openqa.selenium.remote.RemoteWebElement.click(RemoteWebElement.java:77)
at steps.NewsletterSteps.theUserClicksSuscribeButton(NewsletterSteps.java:38)
at ✽.the user clicks the suscribe button(file:///C:/Users/David%20Feliu/eclipse-workspace/CucumberTest/src/test/java/features/newsletter.feature:6)
]]>
    </error>
  </testcase> <!-- runScenario -->
</testsuite> <!-- RunNewsletterTest -->
