<?xml version="1.0" encoding="UTF-8"?>
<!-- Generated by org.testng.reporters.JUnitReportReporter -->
<testsuite hostname="DESKTOP-SNK925A" failures="0" tests="2" name="RunRegisterTest" time="60.084" errors="0" timestamp="2024-01-21T14:16:55 CET" skipped="0">
  <testcase classname="RunRegisterTest" name="runScenario" time="21.984"/>
  <testcase classname="RunRegisterTest" name="runScenario" time="38.100"/>
</testsuite> <!-- RunRegisterTest -->
