<?xml version="1.0" encoding="UTF-8"?>
<!-- Generated by org.testng.reporters.JUnitReportReporter -->
<testsuite hostname="DESKTOP-SNK925A" failures="0" tests="1" name="RunBagsTest" time="15.595" errors="0" timestamp="2024-01-17T15:52:36 CET" skipped="0">
  <testcase classname="RunBagsTest" name="runScenario" time="15.595"/>
</testsuite> <!-- RunBagsTest -->
